<?xml version="1.0" encoding="UTF-8"?>
<!-- Generated by org.testng.reporters.JUnitXMLReporter -->
<testsuite hostname="LAPTOP-AQ01NJB9" ignored="0" name="Test" tests="4" failures="0" timestamp="07 Jan 2023 18:28:59 GMT" time="26.426" errors="0">
  <testcase name="radioButtonMale" time="0.624" classname="com.obsqura.TestNGSample.FindElementsSample1"/>
  <testcase name="radioSelection" time="0.64" classname="com.obsqura.TestNGSample.FindElementsSample1"/>
  <testcase name="radioButtonFemale" time="0.646" classname="com.obsqura.TestNGSample.FindElementsSample1"/>
  <testcase name="findElements" time="0.686" classname="com.obsqura.TestNGSample.FindElementsSample1"/>
</testsuite> <!-- Test -->
