<?xml version="1.0" encoding="UTF-8"?>
<!-- Generated by org.testng.reporters.JUnitXMLReporter -->
<testsuite hostname="LAPTOP-AQ01NJB9" ignored="20" name="Test" tests="1" failures="0" timestamp="08 Dec 2022 08:03:40 GMT" time="0.1" errors="0">
  <testcase name="@BeforeMethod initBrowser" time="0.063" classname="com.obsqura.TestNGSample.Base">
    <failure type="java.lang.IllegalStateException" message="The driver executable must exist: C:\Users\Aruna\Git\New Git\TestNGSamplesrc\main\java\Resources\chromedriver.exe">
      <![CDATA[java.lang.IllegalStateException: The driver executable must exist: C:\Users\Aruna\Git\New Git\TestNGSamplesrc\main\java\Resources\chromedriver.exe
at org.openqa.selenium.internal.Require$FileStateChecker.isFile(Require.java:342)
at org.openqa.selenium.remote.service.DriverService.checkExecutable(DriverService.java:147)
at org.openqa.selenium.remote.service.DriverService.findExecutable(DriverService.java:142)
at org.openqa.selenium.chrome.ChromeDriverService.access$000(ChromeDriverService.java:39)
at org.openqa.selenium.chrome.ChromeDriverService$Builder.findDefaultExecutable(ChromeDriverService.java:233)
at org.openqa.selenium.remote.service.DriverService$Builder.build(DriverService.java:437)
at org.openqa.selenium.chrome.ChromeDriverService.createDefaultService(ChromeDriverService.java:128)
at org.openqa.selenium.chrome.ChromeDriver.<init>(ChromeDriver.java:49)
at com.obsqura.TestNGSample.Base.initBrowser(Base.java:14)
... Removed 28 stack frames]]>
    </failure>
  </testcase> <!-- @BeforeMethod initBrowser -->
  <testcase name="@AfterMethod browseQuit" time="0.0" classname="com.obsqura.TestNGSample.Base">
    <skipped/>
  </testcase> <!-- @AfterMethod browseQuit -->
  <testcase name="locateAxesUsingstartsWith" time="0.0" classname="com.obsqura.TestNGSample.Locators">
    <skipped/>
  </testcase> <!-- locateAxesUsingstartsWith -->
  <testcase name="locateAxesUsingAND" time="0.0" classname="com.obsqura.TestNGSample.Locators">
    <ignored/>
  </testcase> <!-- locateAxesUsingAND -->
  <testcase name="locatingByXpathMobliePage" time="0.0" classname="com.obsqura.TestNGSample.Locators">
    <ignored/>
  </testcase> <!-- locatingByXpathMobliePage -->
  <testcase name="locatingById" time="0.0" classname="com.obsqura.TestNGSample.Locators">
    <ignored/>
  </testcase> <!-- locatingById -->
  <testcase name="locateAxesUsingContains" time="0.0" classname="com.obsqura.TestNGSample.Locators">
    <ignored/>
  </testcase> <!-- locateAxesUsingContains -->
  <testcase name="locatingByCssWithTagClass" time="0.0" classname="com.obsqura.TestNGSample.Locators">
    <ignored/>
  </testcase> <!-- locatingByCssWithTagClass -->
  <testcase name="locatingByTagName" time="0.0" classname="com.obsqura.TestNGSample.Locators">
    <ignored/>
  </testcase> <!-- locatingByTagName -->
  <testcase name="locatingByCssAttribute" time="0.0" classname="com.obsqura.TestNGSample.Locators">
    <ignored/>
  </testcase> <!-- locatingByCssAttribute -->
  <testcase name="classLocator" time="0.0" classname="com.obsqura.TestNGSample.Locators">
    <ignored/>
  </testcase> <!-- classLocator -->
  <testcase name="locatingByPartialLinkText" time="0.0" classname="com.obsqura.TestNGSample.Locators">
    <ignored/>
  </testcase> <!-- locatingByPartialLinkText -->
  <testcase name="locatingByCssWithTagId" time="0.0" classname="com.obsqura.TestNGSample.Locators">
    <ignored/>
  </testcase> <!-- locatingByCssWithTagId -->
  <testcase name="locateAxesText" time="0.0" classname="com.obsqura.TestNGSample.Locators">
    <ignored/>
  </testcase> <!-- locateAxesText -->
  <testcase name="locatingByName" time="0.0" classname="com.obsqura.TestNGSample.Locators">
    <ignored/>
  </testcase> <!-- locatingByName -->
  <testcase name="locatingByCssWithClass" time="0.0" classname="com.obsqura.TestNGSample.Locators">
    <ignored/>
  </testcase> <!-- locatingByCssWithClass -->
  <testcase name="locatingByLinkText" time="0.0" classname="com.obsqura.TestNGSample.Locators">
    <ignored/>
  </testcase> <!-- locatingByLinkText -->
  <testcase name="locatingByXpathText" time="0.0" classname="com.obsqura.TestNGSample.Locators">
    <ignored/>
  </testcase> <!-- locatingByXpathText -->
  <testcase name="locatingByXpath" time="0.0" classname="com.obsqura.TestNGSample.Locators">
    <ignored/>
  </testcase> <!-- locatingByXpath -->
  <testcase name="locatingByCssWithId" time="0.0" classname="com.obsqura.TestNGSample.Locators">
    <ignored/>
  </testcase> <!-- locatingByCssWithId -->
  <testcase name="locateAxesUsingOR" time="0.0" classname="com.obsqura.TestNGSample.Locators">
    <ignored/>
  </testcase> <!-- locateAxesUsingOR -->
  <testcase name="locateAxesUsingText" time="0.0" classname="com.obsqura.TestNGSample.Locators">
    <ignored/>
  </testcase> <!-- locateAxesUsingText -->
  <testcase name="classLocatorAmazone" time="0.0" classname="com.obsqura.TestNGSample.Locators">
    <ignored/>
  </testcase> <!-- classLocatorAmazone -->
</testsuite> <!-- Test -->
