<?xml version="1.0" encoding="UTF-8"?>
<!-- Generated by org.testng.reporters.JUnitXMLReporter -->
<testsuite hostname="LAPTOP-AQ01NJB9" ignored="1" name="Default test" tests="9" failures="1" timestamp="06 Dec 2022 21:04:53 GMT" time="49.634" errors="0">
  <testcase name="enterMessageAndVerifySingleInputField" time="0.203" classname="com.obsqura.ProjectWithPOM.SimpleFormTest"/>
  <testcase name="enterMessageAndVerifyTwoInputField" time="0.283" classname="com.obsqura.ProjectWithPOM.SimpleFormTest">
    <failure type="java.lang.AssertionError" message="Grand Total Actual and Expeted Messages are not same">
      <![CDATA[java.lang.AssertionError: Grand Total Actual and Expeted Messages are not same
at org.testng.Assert.fail(Assert.java:96)
at org.testng.Assert.assertNotEquals(Assert.java:1157)
at Pages.SimpleFormDemoPage.verifyTwoInputFields(SimpleFormDemoPage.java:44)
at com.obsqura.ProjectWithPOM.SimpleFormTest.enterMessageAndVerifyTwoInputField(SimpleFormTest.java:18)
at sun.reflect.NativeMethodAccessorImpl.invoke0(Native Method)
at sun.reflect.NativeMethodAccessorImpl.invoke(NativeMethodAccessorImpl.java:62)
at sun.reflect.DelegatingMethodAccessorImpl.invoke(DelegatingMethodAccessorImpl.java:43)
at java.lang.reflect.Method.invoke(Method.java:498)
at org.testng.internal.MethodInvocationHelper.invokeMethod(MethodInvocationHelper.java:124)
at org.testng.internal.Invoker.invokeMethod(Invoker.java:583)
at org.testng.internal.Invoker.invokeTestMethod(Invoker.java:719)
at org.testng.internal.Invoker.invokeTestMethods(Invoker.java:989)
at org.testng.internal.TestMethodWorker.invokeTestMethods(TestMethodWorker.java:125)
at org.testng.internal.TestMethodWorker.run(TestMethodWorker.java:109)
at org.testng.TestRunner.privateRun(TestRunner.java:648)
at org.testng.TestRunner.run(TestRunner.java:505)
at org.testng.SuiteRunner.runTest(SuiteRunner.java:455)
at org.testng.SuiteRunner.runSequentially(SuiteRunner.java:450)
at org.testng.SuiteRunner.privateRun(SuiteRunner.java:415)
at org.testng.SuiteRunner.run(SuiteRunner.java:364)
at org.testng.SuiteRunnerWorker.runSuite(SuiteRunnerWorker.java:52)
at org.testng.SuiteRunnerWorker.run(SuiteRunnerWorker.java:84)
at org.testng.TestNG.runSuitesSequentially(TestNG.java:1208)
at org.testng.TestNG.runSuitesLocally(TestNG.java:1137)
at org.testng.TestNG.runSuites(TestNG.java:1049)
at org.testng.TestNG.run(TestNG.java:1017)
at org.testng.remote.AbstractRemoteTestNG.run(AbstractRemoteTestNG.java:114)
at org.testng.remote.RemoteTestNG.initAndRun(RemoteTestNG.java:251)
at org.testng.remote.RemoteTestNG.main(RemoteTestNG.java:77)
]]>
    </failure>
  </testcase> <!-- enterMessageAndVerifyTwoInputField -->
  <testcase name="selectColorAndVerifySelectMultipleInputColor" time="3.235" classname="com.obsqura.ProjectWithPOM.SelectInputPageTest"/>
  <testcase name="selectColorAndVerifySelectSingleInputColor" time="2.735" classname="com.obsqura.ProjectWithPOM.SelectInputPageTest"/>
  <testcase name="verifyRadioButtonFemaleClickedAndMessageCheck" time="1.782" classname="com.obsqura.ProjectWithPOM.RadioButtonDemoTest"/>
  <testcase name="verifyRadioButtonMaleClickedAndMessageCheck" time="2.299" classname="com.obsqura.ProjectWithPOM.RadioButtonDemoTest"/>
  <testcase name="verifyRadioButtonsEnabledOrNot" time="2.129" classname="com.obsqura.ProjectWithPOM.RadioButtonDemoTest"/>
  <testcase name="selectColorAndVerifySelectSingleInputColor" time="1.891" classname="com.obsqura.ProjectWithPOM.SelectInputPageTest1"/>
  <testcase name="browserCommands" time="0.0" classname="com.obsqura.ProjectWithPOM.BrowserCommands"/>
  <testcase name="selectColorAndVerifySelectMultipleInputColor" time="0.0" classname="com.obsqura.ProjectWithPOM.SelectInputPageTest1">
    <ignored/>
  </testcase> <!-- selectColorAndVerifySelectMultipleInputColor -->
</testsuite> <!-- Default test -->
