<?xml version="1.0" encoding="UTF-8"?>
<!-- Generated by org.testng.reporters.JUnitXMLReporter -->
<testsuite hostname="LAPTOP-AQ01NJB9" ignored="0" name="Default test" tests="2" failures="0" timestamp="21 Nov 2022 17:50:16 GMT" time="34.852" errors="0">
  <testcase name="noRadioButtonChecked" time="0.207" classname="com.obsqura.TestNGAssignments.RadioButtonSample"/>
  <testcase name="noSelectionRadioButton" time="0.211" classname="com.obsqura.TestNGAssignments.RadioButtonSample"/>
</testsuite> <!-- Default test -->
