<?xml version="1.0" encoding="UTF-8"?>
<!-- Generated by org.testng.reporters.JUnitXMLReporter -->
<testsuite hostname="LAPTOP-AQ01NJB9" ignored="0" name="Default test" tests="2" failures="0" timestamp="01 Nov 2022 18:23:55 GMT" time="61.005" errors="0">
  <testcase name="notNullCheck" time="0.043" classname="com.obsqura.TestNGAssignments.HardAssertionSample"/>
  <testcase name="verifyTitle" time="0.013" classname="com.obsqura.TestNGAssignments.HardAssertionSample"/>
</testsuite> <!-- Default test -->
