<?xml version="1.0" encoding="UTF-8"?>
<!-- Generated by org.testng.reporters.JUnitXMLReporter -->
<testsuite hostname="LAPTOP-AQ01NJB9" ignored="0" name="Test" tests="2" failures="0" timestamp="22 Nov 2022 20:54:39 GMT" time="66.322" errors="0">
  <testcase name="checkBoxesSelectedOrNot" time="0.282" classname="com.obsqura.TestNGAssignments.CheckBoxTutorialSite"/>
  <testcase name="selectWebdriverCheckbox" time="0.099" classname="com.obsqura.TestNGAssignments.CheckBoxTutorialSite"/>
</testsuite> <!-- Test -->
