<?xml version="1.0" encoding="UTF-8"?>
<!-- Generated by org.testng.reporters.JUnitXMLReporter -->
<testsuite hostname="LAPTOP-AQ01NJB9" ignored="0" name="Test" tests="2" failures="0" timestamp="21 Nov 2022 17:59:23 GMT" time="32.395" errors="0">
  <testcase name="noRadioButtonChecked" time="0.17" classname="com.obsqura.TestNGAssignments.RadioButtonSample"/>
  <testcase name="noSelectionRadioButton" time="0.208" classname="com.obsqura.TestNGAssignments.RadioButtonSample"/>
</testsuite> <!-- Test -->
