<?xml version="1.0" encoding="UTF-8"?>
<testng-results skipped="0" failed="0" ignored="0" total="1" passed="1">
  <reporter-output>
  </reporter-output>
  <suite name="Suite" duration-ms="10959" started-at="2022-12-08T19:50:30Z" finished-at="2022-12-08T19:50:41Z">
    <groups>
    </groups>
    <test name="Test" duration-ms="10959" started-at="2022-12-08T19:50:30Z" finished-at="2022-12-08T19:50:41Z">
      <class name="com.obsqura.ProjectWithPOM.OthersDemoTest">
        <test-method status="PASS" signature="initializeBrowser()[pri:0, instance:com.obsqura.ProjectWithPOM.OthersDemoTest@66480dd7]" name="initializeBrowser" is-config="true" duration-ms="4570" started-at="2022-12-08T19:50:30Z" finished-at="2022-12-08T19:50:35Z">
          <reporter-output>
          </reporter-output>
        </test-method> <!-- initializeBrowser -->
        <test-method status="PASS" signature="checkAndverifyDragAndDrop()[pri:0, instance:com.obsqura.ProjectWithPOM.OthersDemoTest@66480dd7]" name="checkAndverifyDragAndDrop" duration-ms="5689" started-at="2022-12-08T19:50:35Z" finished-at="2022-12-08T19:50:40Z">
          <reporter-output>
          </reporter-output>
        </test-method> <!-- checkAndverifyDragAndDrop -->
        <test-method status="PASS" signature="browserQuit()[pri:0, instance:com.obsqura.ProjectWithPOM.OthersDemoTest@66480dd7]" name="browserQuit" is-config="true" duration-ms="678" started-at="2022-12-08T19:50:40Z" finished-at="2022-12-08T19:50:41Z">
          <reporter-output>
          </reporter-output>
        </test-method> <!-- browserQuit -->
      </class> <!-- com.obsqura.ProjectWithPOM.OthersDemoTest -->
    </test> <!-- Test -->
  </suite> <!-- Suite -->
</testng-results>
