<?xml version="1.0" encoding="UTF-8"?>
<!-- Generated by org.testng.reporters.JUnitXMLReporter -->
<testsuite hostname="LAPTOP-AQ01NJB9" ignored="0" name="Default test" tests="4" failures="0" timestamp="31 Oct 2022 18:03:30 GMT" time="45.615" errors="0">
  <testcase name="navigateAndCheck" time="1.99" classname="com.obsqura.TestNGSample.BrowserCommands"/>
  <testcase name="verifyPageSource" time="0.171" classname="com.obsqura.TestNGSample.BrowserCommands"/>
  <testcase name="verifyTitle" time="0.025" classname="com.obsqura.TestNGSample.BrowserCommands"/>
  <testcase name="verifyURL" time="0.016" classname="com.obsqura.TestNGSample.BrowserCommands"/>
</testsuite> <!-- Default test -->
