<?xml version="1.0" encoding="UTF-8"?>
<!-- Generated by org.testng.reporters.JUnitXMLReporter -->
<testsuite hostname="LAPTOP-AQ01NJB9" ignored="0" name="Test" tests="3" failures="0" timestamp="29 Nov 2022 19:11:26 GMT" time="27.906" errors="0">
  <testcase name="verifyRadioButtonFemaleClickedAndMessageCheck" time="7.118" classname="com.obsqura.ProjectWithPOM.RadioButtonDemoTest"/>
  <testcase name="verifyRadioButtonMaleClickedAndMessageCheck" time="3.3" classname="com.obsqura.ProjectWithPOM.RadioButtonDemoTest"/>
  <testcase name="verifyRadioButtonsEnabledOrNot" time="3.645" classname="com.obsqura.ProjectWithPOM.RadioButtonDemoTest"/>
</testsuite> <!-- Test -->
