<?xml version="1.0" encoding="UTF-8"?>
<!-- Generated by org.testng.reporters.JUnitXMLReporter -->
<testsuite hostname="LAPTOP-AQ01NJB9" ignored="1" name="Test" tests="1" failures="1" timestamp="16 Dec 2022 18:49:19 GMT" time="9.982" errors="0">
  <testcase name="verifyTheTableRowCount" time="1.325" classname="com.obsqura.ProjectWithPOM.TableTest">
    <failure type="java.io.FileNotFoundException" message="C:\Users\Aruna\eclipse-workspace\ProjectWithPOMsrc\main\java\Resources\SelectPageTestData.xlsx (The system cannot find the path specified)">
      <![CDATA[java.io.FileNotFoundException: C:\Users\Aruna\eclipse-workspace\ProjectWithPOMsrc\main\java\Resources\SelectPageTestData.xlsx (The system cannot find the path specified)
at java.io.FileInputStream.open0(Native Method)
at java.io.FileInputStream.open(FileInputStream.java:195)
at java.io.FileInputStream.<init>(FileInputStream.java:138)
at java.io.FileInputStream.<init>(FileInputStream.java:93)
at utilities.ExcelUtility.getStringMultiColor(ExcelUtility.java:18)
at Pages.TablePage.tableRowLocate(TablePage.java:24)
at com.obsqura.ProjectWithPOM.TableTest.verifyTheTableRowCount(TableTest.java:20)
... Removed 25 stack frames]]>
    </failure>
  </testcase> <!-- verifyTheTableRowCount -->
  <testcase name="verifyTheTableColumnCounts" time="0.0" classname="com.obsqura.ProjectWithPOM.TableTest">
    <ignored/>
  </testcase> <!-- verifyTheTableColumnCounts -->
</testsuite> <!-- Test -->
