<?xml version="1.0" encoding="UTF-8"?>
<testng-results skipped="0" failed="0" ignored="0" total="2" passed="2">
  <reporter-output>
  </reporter-output>
  <suite name="Suite" duration-ms="45218" started-at="2022-11-09T17:34:35Z" finished-at="2022-11-09T17:35:20Z">
    <groups>
    </groups>
    <test name="Test" duration-ms="45218" started-at="2022-11-09T17:34:35Z" finished-at="2022-11-09T17:35:20Z">
      <class name="com.obsqura.TestNGAssignments.WebElementCommands">
        <test-method status="PASS" signature="initializeBrowser()[pri:0, instance:com.obsqura.TestNGAssignments.WebElementCommands@49993335]" name="initializeBrowser" is-config="true" duration-ms="2728" started-at="2022-11-09T17:34:35Z" finished-at="2022-11-09T17:34:38Z">
          <reporter-output>
          </reporter-output>
        </test-method> <!-- initializeBrowser -->
        <test-method status="PASS" signature="sendKeyInputFieldsStringSum()[pri:0, instance:com.obsqura.TestNGAssignments.WebElementCommands@49993335]" name="sendKeyInputFieldsStringSum" duration-ms="3745" started-at="2022-11-09T17:34:38Z" description="SendKey two input fields string values checking" finished-at="2022-11-09T17:34:41Z">
          <reporter-output>
          </reporter-output>
        </test-method> <!-- sendKeyInputFieldsStringSum -->
        <test-method status="PASS" signature="browserClose()[pri:0, instance:com.obsqura.TestNGAssignments.WebElementCommands@49993335]" name="browserClose" is-config="true" duration-ms="16294" started-at="2022-11-09T17:34:41Z" finished-at="2022-11-09T17:34:58Z">
          <reporter-output>
          </reporter-output>
        </test-method> <!-- browserClose -->
        <test-method status="PASS" signature="initializeBrowser()[pri:0, instance:com.obsqura.TestNGAssignments.WebElementCommands@49993335]" name="initializeBrowser" is-config="true" duration-ms="1262" started-at="2022-11-09T17:34:58Z" finished-at="2022-11-09T17:34:59Z">
          <reporter-output>
          </reporter-output>
        </test-method> <!-- initializeBrowser -->
        <test-method status="PASS" signature="sendKeyInputFieldsSum()[pri:0, instance:com.obsqura.TestNGAssignments.WebElementCommands@49993335]" name="sendKeyInputFieldsSum" duration-ms="4884" started-at="2022-11-09T17:34:59Z" description="SendKey two input fields numeric values checking" finished-at="2022-11-09T17:35:04Z">
          <reporter-output>
          </reporter-output>
        </test-method> <!-- sendKeyInputFieldsSum -->
        <test-method status="PASS" signature="browserClose()[pri:0, instance:com.obsqura.TestNGAssignments.WebElementCommands@49993335]" name="browserClose" is-config="true" duration-ms="16285" started-at="2022-11-09T17:35:04Z" finished-at="2022-11-09T17:35:20Z">
          <reporter-output>
          </reporter-output>
        </test-method> <!-- browserClose -->
      </class> <!-- com.obsqura.TestNGAssignments.WebElementCommands -->
    </test> <!-- Test -->
  </suite> <!-- Suite -->
</testng-results>
